[2025-10-12T15:12:42.054+0000] {processor.py:157} INFO - Started process (PID=167) to work on /opt/airflow/dags/dbt_dag.py
[2025-10-12T15:12:42.055+0000] {processor.py:829} INFO - Processing file /opt/airflow/dags/dbt_dag.py for tasks to queue
[2025-10-12T15:12:42.056+0000] {logging_mixin.py:151} INFO - [2025-10-12T15:12:42.056+0000] {dagbag.py:539} INFO - Filling up the DagBag from /opt/airflow/dags/dbt_dag.py
[2025-10-12T15:12:42.096+0000] {processor.py:839} INFO - DAG(s) dict_keys(['dbt_run_pipeline']) retrieved from /opt/airflow/dags/dbt_dag.py
[2025-10-12T15:12:42.359+0000] {logging_mixin.py:151} INFO - [2025-10-12T15:12:42.358+0000] {manager.py:499} INFO - Created Permission View: %s
[2025-10-12T15:12:42.368+0000] {logging_mixin.py:151} INFO - [2025-10-12T15:12:42.368+0000] {manager.py:499} INFO - Created Permission View: %s
[2025-10-12T15:12:42.373+0000] {logging_mixin.py:151} INFO - [2025-10-12T15:12:42.373+0000] {manager.py:499} INFO - Created Permission View: %s
[2025-10-12T15:12:42.373+0000] {logging_mixin.py:151} INFO - [2025-10-12T15:12:42.373+0000] {security.py:708} INFO - Not syncing DAG-level permissions for DAG 'DAG:dbt_run_pipeline' as access control is unset.
[2025-10-12T15:12:42.374+0000] {logging_mixin.py:151} INFO - [2025-10-12T15:12:42.374+0000] {dag.py:2915} INFO - Sync 1 DAGs
[2025-10-12T15:12:42.386+0000] {logging_mixin.py:151} INFO - [2025-10-12T15:12:42.386+0000] {dag.py:2937} INFO - Creating ORM DAG for dbt_run_pipeline
[2025-10-12T15:12:42.398+0000] {logging_mixin.py:151} INFO - [2025-10-12T15:12:42.398+0000] {dag.py:3696} INFO - Setting next_dagrun for dbt_run_pipeline to 2025-10-11T00:00:00+00:00, run_after=2025-10-12T00:00:00+00:00
[2025-10-12T15:12:42.417+0000] {processor.py:179} INFO - Processing /opt/airflow/dags/dbt_dag.py took 0.369 seconds
[2025-10-12T15:13:12.578+0000] {processor.py:157} INFO - Started process (PID=172) to work on /opt/airflow/dags/dbt_dag.py
[2025-10-12T15:13:12.579+0000] {processor.py:829} INFO - Processing file /opt/airflow/dags/dbt_dag.py for tasks to queue
[2025-10-12T15:13:12.579+0000] {logging_mixin.py:151} INFO - [2025-10-12T15:13:12.579+0000] {dagbag.py:539} INFO - Filling up the DagBag from /opt/airflow/dags/dbt_dag.py
[2025-10-12T15:13:12.596+0000] {processor.py:839} INFO - DAG(s) dict_keys(['dbt_run_pipeline']) retrieved from /opt/airflow/dags/dbt_dag.py
[2025-10-12T15:13:12.625+0000] {logging_mixin.py:151} INFO - [2025-10-12T15:13:12.625+0000] {dag.py:2915} INFO - Sync 1 DAGs
[2025-10-12T15:13:12.649+0000] {logging_mixin.py:151} INFO - [2025-10-12T15:13:12.649+0000] {dag.py:3696} INFO - Setting next_dagrun for dbt_run_pipeline to 2025-10-11T00:00:00+00:00, run_after=2025-10-12T00:00:00+00:00
[2025-10-12T15:13:12.670+0000] {processor.py:179} INFO - Processing /opt/airflow/dags/dbt_dag.py took 0.096 seconds
[2025-10-12T15:13:42.752+0000] {processor.py:157} INFO - Started process (PID=177) to work on /opt/airflow/dags/dbt_dag.py
[2025-10-12T15:13:42.753+0000] {processor.py:829} INFO - Processing file /opt/airflow/dags/dbt_dag.py for tasks to queue
[2025-10-12T15:13:42.754+0000] {logging_mixin.py:151} INFO - [2025-10-12T15:13:42.753+0000] {dagbag.py:539} INFO - Filling up the DagBag from /opt/airflow/dags/dbt_dag.py
[2025-10-12T15:13:42.773+0000] {processor.py:839} INFO - DAG(s) dict_keys(['dbt_run_pipeline']) retrieved from /opt/airflow/dags/dbt_dag.py
[2025-10-12T15:13:42.810+0000] {logging_mixin.py:151} INFO - [2025-10-12T15:13:42.810+0000] {dag.py:2915} INFO - Sync 1 DAGs
[2025-10-12T15:13:42.842+0000] {logging_mixin.py:151} INFO - [2025-10-12T15:13:42.842+0000] {dag.py:3696} INFO - Setting next_dagrun for dbt_run_pipeline to 2025-10-11T00:00:00+00:00, run_after=2025-10-12T00:00:00+00:00
[2025-10-12T15:13:42.866+0000] {processor.py:179} INFO - Processing /opt/airflow/dags/dbt_dag.py took 0.117 seconds
[2025-10-12T15:14:13.023+0000] {processor.py:157} INFO - Started process (PID=182) to work on /opt/airflow/dags/dbt_dag.py
[2025-10-12T15:14:13.024+0000] {processor.py:829} INFO - Processing file /opt/airflow/dags/dbt_dag.py for tasks to queue
[2025-10-12T15:14:13.025+0000] {logging_mixin.py:151} INFO - [2025-10-12T15:14:13.025+0000] {dagbag.py:539} INFO - Filling up the DagBag from /opt/airflow/dags/dbt_dag.py
[2025-10-12T15:14:13.045+0000] {processor.py:839} INFO - DAG(s) dict_keys(['dbt_run_pipeline']) retrieved from /opt/airflow/dags/dbt_dag.py
[2025-10-12T15:14:13.081+0000] {logging_mixin.py:151} INFO - [2025-10-12T15:14:13.081+0000] {dag.py:2915} INFO - Sync 1 DAGs
[2025-10-12T15:14:13.110+0000] {logging_mixin.py:151} INFO - [2025-10-12T15:14:13.109+0000] {dag.py:3696} INFO - Setting next_dagrun for dbt_run_pipeline to 2025-10-11T00:00:00+00:00, run_after=2025-10-12T00:00:00+00:00
[2025-10-12T15:14:13.130+0000] {processor.py:179} INFO - Processing /opt/airflow/dags/dbt_dag.py took 0.111 seconds
[2025-10-12T15:14:43.225+0000] {processor.py:157} INFO - Started process (PID=187) to work on /opt/airflow/dags/dbt_dag.py
[2025-10-12T15:14:43.226+0000] {processor.py:829} INFO - Processing file /opt/airflow/dags/dbt_dag.py for tasks to queue
[2025-10-12T15:14:43.227+0000] {logging_mixin.py:151} INFO - [2025-10-12T15:14:43.227+0000] {dagbag.py:539} INFO - Filling up the DagBag from /opt/airflow/dags/dbt_dag.py
[2025-10-12T15:14:43.248+0000] {processor.py:839} INFO - DAG(s) dict_keys(['dbt_run_pipeline']) retrieved from /opt/airflow/dags/dbt_dag.py
[2025-10-12T15:14:43.288+0000] {logging_mixin.py:151} INFO - [2025-10-12T15:14:43.288+0000] {dag.py:2915} INFO - Sync 1 DAGs
[2025-10-12T15:14:43.318+0000] {logging_mixin.py:151} INFO - [2025-10-12T15:14:43.318+0000] {dag.py:3696} INFO - Setting next_dagrun for dbt_run_pipeline to 2025-10-11T00:00:00+00:00, run_after=2025-10-12T00:00:00+00:00
[2025-10-12T15:14:43.341+0000] {processor.py:179} INFO - Processing /opt/airflow/dags/dbt_dag.py took 0.120 seconds
[2025-10-12T15:15:13.535+0000] {processor.py:157} INFO - Started process (PID=192) to work on /opt/airflow/dags/dbt_dag.py
[2025-10-12T15:15:13.536+0000] {processor.py:829} INFO - Processing file /opt/airflow/dags/dbt_dag.py for tasks to queue
[2025-10-12T15:15:13.538+0000] {logging_mixin.py:151} INFO - [2025-10-12T15:15:13.537+0000] {dagbag.py:539} INFO - Filling up the DagBag from /opt/airflow/dags/dbt_dag.py
[2025-10-12T15:15:13.559+0000] {processor.py:839} INFO - DAG(s) dict_keys(['dbt_run_pipeline']) retrieved from /opt/airflow/dags/dbt_dag.py
[2025-10-12T15:15:13.597+0000] {logging_mixin.py:151} INFO - [2025-10-12T15:15:13.597+0000] {dag.py:2915} INFO - Sync 1 DAGs
[2025-10-12T15:15:13.625+0000] {logging_mixin.py:151} INFO - [2025-10-12T15:15:13.625+0000] {dag.py:3696} INFO - Setting next_dagrun for dbt_run_pipeline to 2025-10-11T00:00:00+00:00, run_after=2025-10-12T00:00:00+00:00
[2025-10-12T15:15:13.648+0000] {processor.py:179} INFO - Processing /opt/airflow/dags/dbt_dag.py took 0.117 seconds
[2025-10-12T15:15:43.742+0000] {processor.py:157} INFO - Started process (PID=197) to work on /opt/airflow/dags/dbt_dag.py
[2025-10-12T15:15:43.743+0000] {processor.py:829} INFO - Processing file /opt/airflow/dags/dbt_dag.py for tasks to queue
[2025-10-12T15:15:43.744+0000] {logging_mixin.py:151} INFO - [2025-10-12T15:15:43.743+0000] {dagbag.py:539} INFO - Filling up the DagBag from /opt/airflow/dags/dbt_dag.py
[2025-10-12T15:15:43.763+0000] {processor.py:839} INFO - DAG(s) dict_keys(['dbt_run_pipeline']) retrieved from /opt/airflow/dags/dbt_dag.py
[2025-10-12T15:15:43.800+0000] {logging_mixin.py:151} INFO - [2025-10-12T15:15:43.800+0000] {dag.py:2915} INFO - Sync 1 DAGs
[2025-10-12T15:15:43.828+0000] {logging_mixin.py:151} INFO - [2025-10-12T15:15:43.827+0000] {dag.py:3696} INFO - Setting next_dagrun for dbt_run_pipeline to 2025-10-11T00:00:00+00:00, run_after=2025-10-12T00:00:00+00:00
[2025-10-12T15:15:43.848+0000] {processor.py:179} INFO - Processing /opt/airflow/dags/dbt_dag.py took 0.110 seconds
[2025-10-12T15:16:13.993+0000] {processor.py:157} INFO - Started process (PID=202) to work on /opt/airflow/dags/dbt_dag.py
[2025-10-12T15:16:13.994+0000] {processor.py:829} INFO - Processing file /opt/airflow/dags/dbt_dag.py for tasks to queue
[2025-10-12T15:16:13.995+0000] {logging_mixin.py:151} INFO - [2025-10-12T15:16:13.995+0000] {dagbag.py:539} INFO - Filling up the DagBag from /opt/airflow/dags/dbt_dag.py
[2025-10-12T15:16:14.014+0000] {processor.py:839} INFO - DAG(s) dict_keys(['dbt_run_pipeline']) retrieved from /opt/airflow/dags/dbt_dag.py
[2025-10-12T15:16:14.046+0000] {logging_mixin.py:151} INFO - [2025-10-12T15:16:14.045+0000] {dag.py:2915} INFO - Sync 1 DAGs
[2025-10-12T15:16:14.068+0000] {logging_mixin.py:151} INFO - [2025-10-12T15:16:14.068+0000] {dag.py:3696} INFO - Setting next_dagrun for dbt_run_pipeline to 2025-10-11T00:00:00+00:00, run_after=2025-10-12T00:00:00+00:00
[2025-10-12T15:16:14.087+0000] {processor.py:179} INFO - Processing /opt/airflow/dags/dbt_dag.py took 0.098 seconds
[2025-10-12T15:16:44.198+0000] {processor.py:157} INFO - Started process (PID=207) to work on /opt/airflow/dags/dbt_dag.py
[2025-10-12T15:16:44.199+0000] {processor.py:829} INFO - Processing file /opt/airflow/dags/dbt_dag.py for tasks to queue
[2025-10-12T15:16:44.200+0000] {logging_mixin.py:151} INFO - [2025-10-12T15:16:44.200+0000] {dagbag.py:539} INFO - Filling up the DagBag from /opt/airflow/dags/dbt_dag.py
[2025-10-12T15:16:44.219+0000] {processor.py:839} INFO - DAG(s) dict_keys(['dbt_run_pipeline']) retrieved from /opt/airflow/dags/dbt_dag.py
[2025-10-12T15:16:44.253+0000] {logging_mixin.py:151} INFO - [2025-10-12T15:16:44.253+0000] {dag.py:2915} INFO - Sync 1 DAGs
[2025-10-12T15:16:44.277+0000] {logging_mixin.py:151} INFO - [2025-10-12T15:16:44.277+0000] {dag.py:3696} INFO - Setting next_dagrun for dbt_run_pipeline to 2025-10-11T00:00:00+00:00, run_after=2025-10-12T00:00:00+00:00
[2025-10-12T15:16:44.295+0000] {processor.py:179} INFO - Processing /opt/airflow/dags/dbt_dag.py took 0.100 seconds
[2025-10-12T15:17:14.456+0000] {processor.py:157} INFO - Started process (PID=212) to work on /opt/airflow/dags/dbt_dag.py
[2025-10-12T15:17:14.457+0000] {processor.py:829} INFO - Processing file /opt/airflow/dags/dbt_dag.py for tasks to queue
[2025-10-12T15:17:14.459+0000] {logging_mixin.py:151} INFO - [2025-10-12T15:17:14.458+0000] {dagbag.py:539} INFO - Filling up the DagBag from /opt/airflow/dags/dbt_dag.py
[2025-10-12T15:17:14.478+0000] {processor.py:839} INFO - DAG(s) dict_keys(['dbt_run_pipeline']) retrieved from /opt/airflow/dags/dbt_dag.py
[2025-10-12T15:17:14.511+0000] {logging_mixin.py:151} INFO - [2025-10-12T15:17:14.511+0000] {dag.py:2915} INFO - Sync 1 DAGs
[2025-10-12T15:17:14.539+0000] {logging_mixin.py:151} INFO - [2025-10-12T15:17:14.539+0000] {dag.py:3696} INFO - Setting next_dagrun for dbt_run_pipeline to 2025-10-11T00:00:00+00:00, run_after=2025-10-12T00:00:00+00:00
[2025-10-12T15:17:14.558+0000] {processor.py:179} INFO - Processing /opt/airflow/dags/dbt_dag.py took 0.106 seconds
[2025-10-12T15:17:44.665+0000] {processor.py:157} INFO - Started process (PID=217) to work on /opt/airflow/dags/dbt_dag.py
[2025-10-12T15:17:44.666+0000] {processor.py:829} INFO - Processing file /opt/airflow/dags/dbt_dag.py for tasks to queue
[2025-10-12T15:17:44.667+0000] {logging_mixin.py:151} INFO - [2025-10-12T15:17:44.667+0000] {dagbag.py:539} INFO - Filling up the DagBag from /opt/airflow/dags/dbt_dag.py
[2025-10-12T15:17:44.686+0000] {processor.py:839} INFO - DAG(s) dict_keys(['dbt_run_pipeline']) retrieved from /opt/airflow/dags/dbt_dag.py
[2025-10-12T15:17:44.721+0000] {logging_mixin.py:151} INFO - [2025-10-12T15:17:44.721+0000] {dag.py:2915} INFO - Sync 1 DAGs
[2025-10-12T15:17:44.745+0000] {logging_mixin.py:151} INFO - [2025-10-12T15:17:44.745+0000] {dag.py:3696} INFO - Setting next_dagrun for dbt_run_pipeline to 2025-10-11T00:00:00+00:00, run_after=2025-10-12T00:00:00+00:00
[2025-10-12T15:17:44.763+0000] {processor.py:179} INFO - Processing /opt/airflow/dags/dbt_dag.py took 0.101 seconds
[2025-10-12T15:18:14.906+0000] {processor.py:157} INFO - Started process (PID=222) to work on /opt/airflow/dags/dbt_dag.py
[2025-10-12T15:18:14.907+0000] {processor.py:829} INFO - Processing file /opt/airflow/dags/dbt_dag.py for tasks to queue
[2025-10-12T15:18:14.908+0000] {logging_mixin.py:151} INFO - [2025-10-12T15:18:14.908+0000] {dagbag.py:539} INFO - Filling up the DagBag from /opt/airflow/dags/dbt_dag.py
[2025-10-12T15:18:14.929+0000] {processor.py:839} INFO - DAG(s) dict_keys(['dbt_run_pipeline']) retrieved from /opt/airflow/dags/dbt_dag.py
[2025-10-12T15:18:14.959+0000] {logging_mixin.py:151} INFO - [2025-10-12T15:18:14.959+0000] {dag.py:2915} INFO - Sync 1 DAGs
[2025-10-12T15:18:14.983+0000] {logging_mixin.py:151} INFO - [2025-10-12T15:18:14.983+0000] {dag.py:3696} INFO - Setting next_dagrun for dbt_run_pipeline to 2025-10-11T00:00:00+00:00, run_after=2025-10-12T00:00:00+00:00
[2025-10-12T15:18:15.000+0000] {processor.py:179} INFO - Processing /opt/airflow/dags/dbt_dag.py took 0.098 seconds
[2025-10-12T15:18:45.113+0000] {processor.py:157} INFO - Started process (PID=227) to work on /opt/airflow/dags/dbt_dag.py
[2025-10-12T15:18:45.114+0000] {processor.py:829} INFO - Processing file /opt/airflow/dags/dbt_dag.py for tasks to queue
[2025-10-12T15:18:45.116+0000] {logging_mixin.py:151} INFO - [2025-10-12T15:18:45.115+0000] {dagbag.py:539} INFO - Filling up the DagBag from /opt/airflow/dags/dbt_dag.py
[2025-10-12T15:18:45.135+0000] {processor.py:839} INFO - DAG(s) dict_keys(['dbt_run_pipeline']) retrieved from /opt/airflow/dags/dbt_dag.py
[2025-10-12T15:18:45.172+0000] {logging_mixin.py:151} INFO - [2025-10-12T15:18:45.172+0000] {dag.py:2915} INFO - Sync 1 DAGs
[2025-10-12T15:18:45.196+0000] {logging_mixin.py:151} INFO - [2025-10-12T15:18:45.196+0000] {dag.py:3696} INFO - Setting next_dagrun for dbt_run_pipeline to 2025-10-11T00:00:00+00:00, run_after=2025-10-12T00:00:00+00:00
[2025-10-12T15:18:45.215+0000] {processor.py:179} INFO - Processing /opt/airflow/dags/dbt_dag.py took 0.106 seconds
[2025-10-12T15:19:15.352+0000] {processor.py:157} INFO - Started process (PID=232) to work on /opt/airflow/dags/dbt_dag.py
[2025-10-12T15:19:15.353+0000] {processor.py:829} INFO - Processing file /opt/airflow/dags/dbt_dag.py for tasks to queue
[2025-10-12T15:19:15.354+0000] {logging_mixin.py:151} INFO - [2025-10-12T15:19:15.353+0000] {dagbag.py:539} INFO - Filling up the DagBag from /opt/airflow/dags/dbt_dag.py
[2025-10-12T15:19:15.372+0000] {processor.py:839} INFO - DAG(s) dict_keys(['dbt_run_pipeline']) retrieved from /opt/airflow/dags/dbt_dag.py
[2025-10-12T15:19:15.406+0000] {logging_mixin.py:151} INFO - [2025-10-12T15:19:15.406+0000] {dag.py:2915} INFO - Sync 1 DAGs
[2025-10-12T15:19:15.432+0000] {logging_mixin.py:151} INFO - [2025-10-12T15:19:15.432+0000] {dag.py:3696} INFO - Setting next_dagrun for dbt_run_pipeline to 2025-10-11T00:00:00+00:00, run_after=2025-10-12T00:00:00+00:00
[2025-10-12T15:19:15.452+0000] {processor.py:179} INFO - Processing /opt/airflow/dags/dbt_dag.py took 0.105 seconds
